<?xml version="1.0" encoding="UTF-8"?>
<testng-results ignored="0" total="0" passed="0" failed="0" skipped="0">
  <reporter-output>
  </reporter-output>
  <suite started-at="2024-01-29T13:08:35 EAT" name="Surefire suite" finished-at="2024-01-29T13:08:35 EAT" duration-ms="18">
    <groups>
    </groups>
    <test started-at="2024-01-29T13:08:35 EAT" name="Surefire test" finished-at="2024-01-29T13:08:35 EAT" duration-ms="18">
    </test> <!-- Surefire test -->
  </suite> <!-- Surefire suite -->
</testng-results>
